2024-02-01T16:45:07.498+05:30  INFO 18836 --- [main] com.example.demo.ProjectApplication      : Starting ProjectApplication using Java 21.0.2 with PID 18836 (C:\Users\kishore.t\Downloads\project\target\classes started by kishore.t in C:\Users\kishore.t\Downloads\project)
2024-02-01T16:45:07.500+05:30 DEBUG 18836 --- [main] com.example.demo.ProjectApplication      : Running with Spring Boot v3.2.2, Spring v6.1.3
2024-02-01T16:45:07.503+05:30  INFO 18836 --- [main] com.example.demo.ProjectApplication      : No active profile set, falling back to 1 default profile: "default"
2024-02-01T16:45:08.319+05:30  INFO 18836 --- [main] .s.d.r.c.RepositoryConfigurationDelegate : Bootstrapping Spring Data JPA repositories in DEFAULT mode.
2024-02-01T16:45:08.405+05:30  INFO 18836 --- [main] .s.d.r.c.RepositoryConfigurationDelegate : Finished Spring Data repository scanning in 77 ms. Found 1 JPA repository interface.
2024-02-01T16:45:09.048+05:30  INFO 18836 --- [main] o.s.b.w.embedded.tomcat.TomcatWebServer  : Tomcat initialized with port 8080 (http)
2024-02-01T16:45:09.061+05:30  INFO 18836 --- [main] o.apache.catalina.core.StandardService   : Starting service [Tomcat]
2024-02-01T16:45:09.061+05:30  INFO 18836 --- [main] o.apache.catalina.core.StandardEngine    : Starting Servlet engine: [Apache Tomcat/10.1.18]
2024-02-01T16:45:09.140+05:30  INFO 18836 --- [main] o.a.c.c.C.[Tomcat].[localhost].[/]       : Initializing Spring embedded WebApplicationContext
2024-02-01T16:45:09.140+05:30  INFO 18836 --- [main] w.s.c.ServletWebServerApplicationContext : Root WebApplicationContext: initialization completed in 1556 ms
2024-02-01T16:45:09.366+05:30  INFO 18836 --- [main] o.hibernate.jpa.internal.util.LogHelper  : HHH000204: Processing PersistenceUnitInfo [name: default]
2024-02-01T16:45:09.436+05:30  INFO 18836 --- [main] org.hibernate.Version                    : HHH000412: Hibernate ORM core version 6.4.1.Final
2024-02-01T16:45:09.478+05:30  INFO 18836 --- [main] o.h.c.internal.RegionFactoryInitiator    : HHH000026: Second-level cache disabled
2024-02-01T16:45:09.799+05:30  INFO 18836 --- [main] o.s.o.j.p.SpringPersistenceUnitInfo      : No LoadTimeWeaver setup: ignoring JPA class transformer
2024-02-01T16:45:09.835+05:30  INFO 18836 --- [main] com.zaxxer.hikari.HikariDataSource       : HikariPool-1 - Starting...
2024-02-01T16:45:10.198+05:30  INFO 18836 --- [main] com.zaxxer.hikari.pool.HikariPool        : HikariPool-1 - Added connection com.mysql.cj.jdbc.ConnectionImpl@2fb082ff
2024-02-01T16:45:10.201+05:30  INFO 18836 --- [main] com.zaxxer.hikari.HikariDataSource       : HikariPool-1 - Start completed.
2024-02-01T16:45:11.257+05:30  INFO 18836 --- [main] o.h.e.t.j.p.i.JtaPlatformInitiator       : HHH000489: No JTA platform available (set 'hibernate.transaction.jta.platform' to enable JTA platform integration)
2024-02-01T16:45:11.322+05:30  INFO 18836 --- [main] j.LocalContainerEntityManagerFactoryBean : Initialized JPA EntityManagerFactory for persistence unit 'default'
2024-02-01T16:45:11.678+05:30  WARN 18836 --- [main] JpaBaseConfiguration$JpaWebConfiguration : spring.jpa.open-in-view is enabled by default. Therefore, database queries may be performed during view rendering. Explicitly configure spring.jpa.open-in-view to disable this warning
2024-02-01T16:45:12.047+05:30  INFO 18836 --- [main] o.s.b.w.embedded.tomcat.TomcatWebServer  : Tomcat started on port 8080 (http) with context path ''
2024-02-01T16:45:12.056+05:30  INFO 18836 --- [main] com.example.demo.ProjectApplication      : Started ProjectApplication in 5.153 seconds (process running for 5.628)
2024-02-01T16:45:28.960+05:30  INFO 18836 --- [http-nio-8080-exec-1] o.a.c.c.C.[Tomcat].[localhost].[/]       : Initializing Spring DispatcherServlet 'dispatcherServlet'
2024-02-01T16:45:28.961+05:30  INFO 18836 --- [http-nio-8080-exec-1] o.s.web.servlet.DispatcherServlet        : Initializing Servlet 'dispatcherServlet'
2024-02-01T16:45:28.962+05:30  INFO 18836 --- [http-nio-8080-exec-1] o.s.web.servlet.DispatcherServlet        : Completed initialization in 1 ms
2024-02-01T16:45:29.167+05:30 DEBUG 18836 --- [http-nio-8080-exec-1] c.e.d.s.EmployeeServiceImplementation    : Specified Skill: java
2024-02-01T16:47:41.842+05:30 DEBUG 18836 --- [http-nio-8080-exec-9] c.e.d.s.EmployeeServiceImplementation    : Specified Skill: java
2024-02-01T17:26:24.631+05:30  INFO 18836 --- [SpringApplicationShutdownHook] j.LocalContainerEntityManagerFactoryBean : Closing JPA EntityManagerFactory for persistence unit 'default'
2024-02-01T17:26:24.636+05:30  INFO 18836 --- [SpringApplicationShutdownHook] com.zaxxer.hikari.HikariDataSource       : HikariPool-1 - Shutdown initiated...
2024-02-01T17:26:24.643+05:30  INFO 18836 --- [SpringApplicationShutdownHook] com.zaxxer.hikari.HikariDataSource       : HikariPool-1 - Shutdown completed.
2024-02-01T18:48:11.876+05:30  INFO 13108 --- [main] com.example.demo.ProjectApplication      : Starting ProjectApplication using Java 21.0.2 with PID 13108 (C:\Users\kishore.t\Downloads\project\target\classes started by kishore.t in C:\Users\kishore.t\Downloads\project)
2024-02-01T18:48:11.877+05:30 DEBUG 13108 --- [main] com.example.demo.ProjectApplication      : Running with Spring Boot v3.2.2, Spring v6.1.3
2024-02-01T18:48:11.879+05:30  INFO 13108 --- [main] com.example.demo.ProjectApplication      : No active profile set, falling back to 1 default profile: "default"
2024-02-01T18:48:13.116+05:30  INFO 13108 --- [main] .s.d.r.c.RepositoryConfigurationDelegate : Bootstrapping Spring Data JPA repositories in DEFAULT mode.
2024-02-01T18:48:13.226+05:30  INFO 13108 --- [main] .s.d.r.c.RepositoryConfigurationDelegate : Finished Spring Data repository scanning in 99 ms. Found 1 JPA repository interface.
2024-02-01T18:48:14.059+05:30  INFO 13108 --- [main] o.s.b.w.embedded.tomcat.TomcatWebServer  : Tomcat initialized with port 8080 (http)
2024-02-01T18:48:14.076+05:30  INFO 13108 --- [main] o.apache.catalina.core.StandardService   : Starting service [Tomcat]
2024-02-01T18:48:14.076+05:30  INFO 13108 --- [main] o.apache.catalina.core.StandardEngine    : Starting Servlet engine: [Apache Tomcat/10.1.18]
2024-02-01T18:48:14.183+05:30  INFO 13108 --- [main] o.a.c.c.C.[Tomcat].[localhost].[/]       : Initializing Spring embedded WebApplicationContext
2024-02-01T18:48:14.184+05:30  INFO 13108 --- [main] w.s.c.ServletWebServerApplicationContext : Root WebApplicationContext: initialization completed in 2196 ms
2024-02-01T18:48:14.469+05:30  INFO 13108 --- [main] o.hibernate.jpa.internal.util.LogHelper  : HHH000204: Processing PersistenceUnitInfo [name: default]
2024-02-01T18:48:14.559+05:30  INFO 13108 --- [main] org.hibernate.Version                    : HHH000412: Hibernate ORM core version 6.4.1.Final
2024-02-01T18:48:14.610+05:30  INFO 13108 --- [main] o.h.c.internal.RegionFactoryInitiator    : HHH000026: Second-level cache disabled
2024-02-01T18:48:14.953+05:30  INFO 13108 --- [main] o.s.o.j.p.SpringPersistenceUnitInfo      : No LoadTimeWeaver setup: ignoring JPA class transformer
2024-02-01T18:48:14.986+05:30  INFO 13108 --- [main] com.zaxxer.hikari.HikariDataSource       : HikariPool-1 - Starting...
2024-02-01T18:48:15.454+05:30  INFO 13108 --- [main] com.zaxxer.hikari.pool.HikariPool        : HikariPool-1 - Added connection com.mysql.cj.jdbc.ConnectionImpl@2b682e9
2024-02-01T18:48:15.456+05:30  INFO 13108 --- [main] com.zaxxer.hikari.HikariDataSource       : HikariPool-1 - Start completed.
2024-02-01T18:48:16.664+05:30  INFO 13108 --- [main] o.h.e.t.j.p.i.JtaPlatformInitiator       : HHH000489: No JTA platform available (set 'hibernate.transaction.jta.platform' to enable JTA platform integration)
2024-02-01T18:48:16.735+05:30  INFO 13108 --- [main] j.LocalContainerEntityManagerFactoryBean : Initialized JPA EntityManagerFactory for persistence unit 'default'
2024-02-01T18:48:17.158+05:30  WARN 13108 --- [main] JpaBaseConfiguration$JpaWebConfiguration : spring.jpa.open-in-view is enabled by default. Therefore, database queries may be performed during view rendering. Explicitly configure spring.jpa.open-in-view to disable this warning
2024-02-01T18:48:17.873+05:30  INFO 13108 --- [main] o.s.b.w.embedded.tomcat.TomcatWebServer  : Tomcat started on port 8080 (http) with context path ''
2024-02-01T18:48:17.881+05:30  INFO 13108 --- [main] com.example.demo.ProjectApplication      : Started ProjectApplication in 6.666 seconds (process running for 7.372)
2024-02-01T18:48:24.741+05:30  INFO 13108 --- [http-nio-8080-exec-2] o.a.c.c.C.[Tomcat].[localhost].[/]       : Initializing Spring DispatcherServlet 'dispatcherServlet'
2024-02-01T18:48:24.742+05:30  INFO 13108 --- [http-nio-8080-exec-2] o.s.web.servlet.DispatcherServlet        : Initializing Servlet 'dispatcherServlet'
2024-02-01T18:48:24.745+05:30  INFO 13108 --- [http-nio-8080-exec-2] o.s.web.servlet.DispatcherServlet        : Completed initialization in 2 ms
2024-02-01T18:56:43.099+05:30  INFO 13108 --- [SpringApplicationShutdownHook] j.LocalContainerEntityManagerFactoryBean : Closing JPA EntityManagerFactory for persistence unit 'default'
2024-02-01T18:56:43.101+05:30  INFO 13108 --- [SpringApplicationShutdownHook] com.zaxxer.hikari.HikariDataSource       : HikariPool-1 - Shutdown initiated...
2024-02-01T18:56:43.110+05:30  INFO 13108 --- [SpringApplicationShutdownHook] com.zaxxer.hikari.HikariDataSource       : HikariPool-1 - Shutdown completed.
2024-02-01T18:56:47.710+05:30  INFO 11924 --- [main] com.example.demo.ProjectApplication      : Starting ProjectApplication using Java 21.0.2 with PID 11924 (C:\Users\kishore.t\Downloads\project\target\classes started by kishore.t in C:\Users\kishore.t\Downloads\project)
2024-02-01T18:56:47.713+05:30 DEBUG 11924 --- [main] com.example.demo.ProjectApplication      : Running with Spring Boot v3.2.2, Spring v6.1.3
2024-02-01T18:56:47.714+05:30  INFO 11924 --- [main] com.example.demo.ProjectApplication      : No active profile set, falling back to 1 default profile: "default"
2024-02-01T18:56:48.898+05:30  INFO 11924 --- [main] .s.d.r.c.RepositoryConfigurationDelegate : Bootstrapping Spring Data JPA repositories in DEFAULT mode.
2024-02-01T18:56:48.991+05:30  INFO 11924 --- [main] .s.d.r.c.RepositoryConfigurationDelegate : Finished Spring Data repository scanning in 81 ms. Found 1 JPA repository interface.
2024-02-01T18:56:49.805+05:30  INFO 11924 --- [main] o.s.b.w.embedded.tomcat.TomcatWebServer  : Tomcat initialized with port 8080 (http)
2024-02-01T18:56:49.919+05:30  INFO 11924 --- [main] w.s.c.ServletWebServerApplicationContext : Root WebApplicationContext: initialization completed in 2130 ms
2024-02-01T18:56:50.165+05:30  INFO 11924 --- [main] o.hibernate.jpa.internal.util.LogHelper  : HHH000204: Processing PersistenceUnitInfo [name: default]
2024-02-01T18:56:50.270+05:30  INFO 11924 --- [main] org.hibernate.Version                    : HHH000412: Hibernate ORM core version 6.4.1.Final
2024-02-01T18:56:50.334+05:30  INFO 11924 --- [main] o.h.c.internal.RegionFactoryInitiator    : HHH000026: Second-level cache disabled
2024-02-01T18:56:50.684+05:30  INFO 11924 --- [main] o.s.o.j.p.SpringPersistenceUnitInfo      : No LoadTimeWeaver setup: ignoring JPA class transformer
2024-02-01T18:56:50.738+05:30  INFO 11924 --- [main] com.zaxxer.hikari.HikariDataSource       : HikariPool-1 - Starting...
2024-02-01T18:56:51.202+05:30  INFO 11924 --- [main] com.zaxxer.hikari.pool.HikariPool        : HikariPool-1 - Added connection com.mysql.cj.jdbc.ConnectionImpl@33187485
2024-02-01T18:56:51.205+05:30  INFO 11924 --- [main] com.zaxxer.hikari.HikariDataSource       : HikariPool-1 - Start completed.
2024-02-01T18:56:52.375+05:30  INFO 11924 --- [main] o.h.e.t.j.p.i.JtaPlatformInitiator       : HHH000489: No JTA platform available (set 'hibernate.transaction.jta.platform' to enable JTA platform integration)
2024-02-01T18:56:52.448+05:30  INFO 11924 --- [main] j.LocalContainerEntityManagerFactoryBean : Initialized JPA EntityManagerFactory for persistence unit 'default'
2024-02-01T18:56:52.802+05:30  WARN 11924 --- [main] JpaBaseConfiguration$JpaWebConfiguration : spring.jpa.open-in-view is enabled by default. Therefore, database queries may be performed during view rendering. Explicitly configure spring.jpa.open-in-view to disable this warning
2024-02-01T18:56:53.250+05:30  INFO 11924 --- [main] o.s.b.w.embedded.tomcat.TomcatWebServer  : Tomcat started on port 8080 (http) with context path ''
2024-02-01T18:56:53.258+05:30  INFO 11924 --- [main] com.example.demo.ProjectApplication      : Started ProjectApplication in 6.289 seconds (process running for 7.622)
2024-02-01T18:56:53.267+05:30  INFO 11924 --- [SpringApplicationShutdownHook] j.LocalContainerEntityManagerFactoryBean : Closing JPA EntityManagerFactory for persistence unit 'default'
2024-02-01T18:56:53.269+05:30  INFO 11924 --- [SpringApplicationShutdownHook] com.zaxxer.hikari.HikariDataSource       : HikariPool-1 - Shutdown initiated...
2024-02-01T18:56:53.280+05:30  INFO 11924 --- [SpringApplicationShutdownHook] com.zaxxer.hikari.HikariDataSource       : HikariPool-1 - Shutdown completed.
